<?xml version="1.0" encoding="UTF-8"?>
<!-- Generated by org.testng.reporters.JUnitReportReporter -->
<testsuite hostname="darkquilius" failures="0" tests="2" name="Com.Add_Remove_Elements" time="15.459" errors="0" timestamp="2021-07-13T13:08:35 EDT" skipped="0">
  <testcase classname="Com.Add_Remove_Elements" name="addingElements" time="2.237"/>
  <system-out/>
  <testcase classname="Com.Add_Remove_Elements" name="deletingElements" time="13.222"/>
  <system-out/>
</testsuite> <!-- Com.Add_Remove_Elements -->
