<?xml version="1.0" encoding="UTF-8"?>
<!-- Generated by org.testng.reporters.JUnitReportReporter -->
<testsuite hostname="darkquilius" failures="0" tests="1" name="Com.ContextMenuRightClick" time="2.416" errors="0" timestamp="2021-07-13T13:42:31 EDT" skipped="0">
  <testcase classname="Com.ContextMenuRightClick" name="addingElements" time="2.416"/>
  <system-out/>
</testsuite> <!-- Com.ContextMenuRightClick -->
