<?xml version="1.0" encoding="UTF-8"?>
<!-- Generated by org.testng.reporters.JUnitReportReporter -->
<testsuite hostname="darkquilius" failures="0" tests="1" name="Com.A_B_Testing" time="6.843" errors="0" timestamp="2021-06-28T14:05:04 EDT" skipped="0">
  <testcase classname="Com.A_B_Testing" name="f" time="6.843"/>
  <system-out/>
</testsuite> <!-- Com.A_B_Testing -->
