<?xml version="1.0" encoding="UTF-8"?>
<!-- Generated by org.testng.reporters.JUnitReportReporter -->
<testsuite hostname="darkquilius" failures="0" tests="2" name="Com.Checkboxes" time="2.309" errors="0" timestamp="2021-07-13T13:29:31 EDT" skipped="0">
  <testcase classname="Com.Checkboxes" name="testDefaultCheckboxes" time="0.204"/>
  <system-out/>
  <testcase classname="Com.Checkboxes" name="testChangedCheckboxes" time="2.105"/>
  <system-out/>
</testsuite> <!-- Com.Checkboxes -->
